<?xml version="1.0" encoding="UTF-8"?>
<!-- Generated by org.testng.reporters.JUnitReportReporter -->
<testsuite hostname="CHNMCT369326L" failures="0" tests="6" name="DevQAImplementations.GetCalls" time="9.631" errors="0" timestamp="2020-12-25T10:19:07 IST" skipped="1">
  <testcase classname="DevQAImplementations.GetCalls" name="test_002_emp_greater_2lakhs" time="1.010"/>
  <system-out/>
  <testcase classname="DevQAImplementations.GetCalls" name="test_001_emp_greater_4lakhs" time="6.107"/>
  <system-out/>
  <testcase classname="DevQAImplementations.GetCalls" name="test_002_emp_greater_3lakhs" time="0.595"/>
  <system-out/>
  <testcase classname="DevQAImplementations.GetCalls" name="test_validation" time="1.915"/>
  <system-out/>
  <testcase classname="DevQAImplementations.GetCalls" name="test2" time="0.004"/>
  <system-out/>
  <testcase classname="DevQAImplementations.GetCalls" name="failed_validation">
    <skipped/>
  </testcase> <!-- failed_validation -->
  <system-out/>
</testsuite> <!-- DevQAImplementations.GetCalls -->
