<?xml version="1.0" encoding="UTF-8"?>
<!-- Generated by org.testng.reporters.JUnitReportReporter -->
<testsuite hostname="CHNMCT369326L" failures="0" tests="1" name="DevQAImplementations.DeleteCalls" time="7.112" errors="0" timestamp="2020-12-26T14:26:02 IST" skipped="0">
  <testcase classname="DevQAImplementations.DeleteCalls" name="deleteTest" time="7.112"/>
  <system-out/>
</testsuite> <!-- DevQAImplementations.DeleteCalls -->
