<?xml version="1.0" encoding="UTF-8"?>
<!-- Generated by org.testng.reporters.JUnitReportReporter -->
<testsuite hostname="CHNMCT369326L" failures="0" tests="2" name="DevQAImplementations.PostCalls" time="4.705" errors="0" timestamp="2020-12-26T14:14:41 IST" skipped="0">
  <testcase classname="DevQAImplementations.PostCalls" name="postTestData" time="0.098"/>
  <system-out/>
  <testcase classname="DevQAImplementations.PostCalls" name="postTestData" time="4.607"/>
  <system-out/>
</testsuite> <!-- DevQAImplementations.PostCalls -->
