<?xml version="1.0" encoding="UTF-8"?>
<!-- Generated by org.testng.reporters.JUnitReportReporter -->
<testsuite hostname="CHNMCT369326L" failures="0" tests="6" name="Api.DevQAApplication" time="6.627" errors="0" timestamp="2020-11-27T14:27:03 IST" skipped="0">
  <testcase classname="Api.DevQAApplication" name="test_001_emp_greater_4lakhs" time="3.278"/>
  <system-out/>
  <testcase classname="Api.DevQAApplication" name="test_002_emp_greater_2lakhs" time="0.641"/>
  <system-out/>
  <testcase classname="Api.DevQAApplication" name="failed_validation" time="0.000"/>
  <system-out/>
  <testcase classname="Api.DevQAApplication" name="test_002_emp_greater_3lakhs" time="0.528"/>
  <system-out/>
  <testcase classname="Api.DevQAApplication" name="test_validation" time="2.180"/>
  <system-out/>
  <testcase classname="Api.DevQAApplication" name="test2" time="0.000"/>
  <system-out/>
</testsuite> <!-- Api.DevQAApplication -->
