<?xml version="1.0" encoding="UTF-8"?>
<!-- Generated by org.testng.reporters.JUnitReportReporter -->
<testsuite hostname="CHNMCT369326L" failures="0" tests="1" name="test.TEst" time="0.000" errors="0" timestamp="2020-12-30T16:24:30 IST" skipped="1">
  <testcase classname="test.TEst" name="circuitLocationTest" time="0.000">
    <skipped/>
  </testcase> <!-- circuitLocationTest -->
  <system-out/>
</testsuite> <!-- test.TEst -->
